KioskWeb.exe: 000033BC: 08:48:34 []:>--------------------------------------------------------------<
KioskWeb.exe: 000033BC: 08:48:34 [TUniServerModule]:Server First Init.
KioskWeb.exe: 000033BC: 08:48:34 [TUniServerModule]:Debug Mode = ON
KioskWeb.exe: 000033BC: 08:48:34 [TUniServerModule]:Global Cache Folder Erased. <13> Files deleted.
KioskWeb.exe: 000033BC: 08:48:34 [TUniServerModule]:Starting HTTP Server on Port: 8077...
KioskWeb.exe: 000033BC: 08:48:34 [TUniServerModule]:HTTP Server Started on Port: 8077
KioskWeb.exe: 00003394: 09:06:53 []:>--------------------------------------------------------------<
KioskWeb.exe: 00003394: 09:06:53 [TUniServerModule]:Server First Init.
KioskWeb.exe: 00003394: 09:06:53 [TUniServerModule]:Debug Mode = ON
KioskWeb.exe: 00003394: 09:06:53 [TUniServerModule]:Global Cache Folder Erased. <7> Files deleted.
KioskWeb.exe: 00003394: 09:06:53 [TUniServerModule]:Starting HTTP Server on Port: 8077...
KioskWeb.exe: 00003394: 09:06:53 [TUniServerModule]:HTTP Server Started on Port: 8077
KioskWeb.exe: 00002660: 09:07:35 []:>--------------------------------------------------------------<
KioskWeb.exe: 00002660: 09:07:35 [TUniServerModule]:Server First Init.
KioskWeb.exe: 00002660: 09:07:35 [TUniServerModule]:Debug Mode = ON
KioskWeb.exe: 00002660: 09:07:35 [TUniServerModule]:Global Cache Folder Erased. <9> Files deleted.
KioskWeb.exe: 00002660: 09:07:35 [TUniServerModule]:Starting HTTP Server on Port: 8077...
KioskWeb.exe: 00002660: 09:07:35 [TUniServerModule]:HTTP Server Started on Port: 8077
KioskWeb.exe: 00002634: 09:07:41 [127.0.0.1]:EUniSessionException : Invalid session or session Timeout. : Addr: $007A2AD7
KioskWeb.exe: 00003FEC: 11:29:51 []:>--------------------------------------------------------------<
KioskWeb.exe: 00003FEC: 11:29:51 [TUniServerModule]:Server First Init.
KioskWeb.exe: 00003FEC: 11:29:51 [TUniServerModule]:Debug Mode = ON
KioskWeb.exe: 00003FEC: 11:29:51 [TUniServerModule]:Global Cache Folder Erased. <7> Files deleted.
KioskWeb.exe: 00003FEC: 11:29:51 [TUniServerModule]:Starting HTTP Server on Port: 8077...
KioskWeb.exe: 00003FEC: 11:29:51 [TUniServerModule]:HTTP Server Started on Port: 8077
KioskWeb.exe: 00002B44: 11:32:30 []:>--------------------------------------------------------------<
KioskWeb.exe: 00002B44: 11:32:30 [TUniServerModule]:Server First Init.
KioskWeb.exe: 00002B44: 11:32:30 [TUniServerModule]:Debug Mode = ON
KioskWeb.exe: 00002B44: 11:32:30 [TUniServerModule]:Global Cache Folder Erased. <8> Files deleted.
KioskWeb.exe: 00002B44: 11:32:30 [TUniServerModule]:Starting HTTP Server on Port: 8077...
KioskWeb.exe: 00002B44: 11:32:30 [TUniServerModule]:HTTP Server Started on Port: 8077
KioskWeb.exe: 00001594: 11:33:58 []:>--------------------------------------------------------------<
KioskWeb.exe: 00001594: 11:33:58 [TUniServerModule]:Server First Init.
KioskWeb.exe: 00001594: 11:33:58 [TUniServerModule]:Debug Mode = ON
KioskWeb.exe: 00001594: 11:33:58 [TUniServerModule]:Global Cache Folder Erased. <6> Files deleted.
KioskWeb.exe: 00001594: 11:33:58 [TUniServerModule]:Starting HTTP Server on Port: 8077...
KioskWeb.exe: 00001594: 11:33:58 [TUniServerModule]:HTTP Server Started on Port: 8077
KioskWeb.exe: 00002748: 11:34:08 [127.0.0.1]:EUniSessionException : Invalid session or session Timeout. : Addr: $007A2A47
KioskWeb.exe: 00002DD0: 11:34:38 []:>--------------------------------------------------------------<
KioskWeb.exe: 00002DD0: 11:34:38 [TUniServerModule]:Server First Init.
KioskWeb.exe: 00002DD0: 11:34:38 [TUniServerModule]:Debug Mode = ON
KioskWeb.exe: 00002DD0: 11:34:38 [TUniServerModule]:Global Cache Folder Erased. <6> Files deleted.
KioskWeb.exe: 00002DD0: 11:34:38 [TUniServerModule]:Starting HTTP Server on Port: 8077...
KioskWeb.exe: 00002DD0: 11:34:38 [TUniServerModule]:HTTP Server Started on Port: 8077
KioskWeb.exe: 00000FF4: 11:35:07 []:>--------------------------------------------------------------<
KioskWeb.exe: 00000FF4: 11:35:07 [TUniServerModule]:Server First Init.
KioskWeb.exe: 00000FF4: 11:35:07 [TUniServerModule]:Debug Mode = ON
KioskWeb.exe: 00000FF4: 11:35:07 [TUniServerModule]:Global Cache Folder Erased. <4> Files deleted.
KioskWeb.exe: 00000FF4: 11:35:07 [TUniServerModule]:Starting HTTP Server on Port: 8077...
KioskWeb.exe: 00000FF4: 11:35:07 [TUniServerModule]:HTTP Server Started on Port: 8077
KioskWeb.exe: 00000820: 11:35:48 []:>--------------------------------------------------------------<
KioskWeb.exe: 00000820: 11:35:48 [TUniServerModule]:Server First Init.
KioskWeb.exe: 00000820: 11:35:48 [TUniServerModule]:Debug Mode = ON
KioskWeb.exe: 00000820: 11:35:48 [TUniServerModule]:Global Cache Folder Erased. <4> Files deleted.
KioskWeb.exe: 00000820: 11:35:48 [TUniServerModule]:Starting HTTP Server on Port: 8077...
KioskWeb.exe: 00000820: 11:35:48 [TUniServerModule]:HTTP Server Started on Port: 8077
KioskWeb.exe: 0000061C: 11:36:12 []:>--------------------------------------------------------------<
KioskWeb.exe: 0000061C: 11:36:12 [TUniServerModule]:Server First Init.
KioskWeb.exe: 0000061C: 11:36:12 [TUniServerModule]:Debug Mode = ON
KioskWeb.exe: 0000061C: 11:36:12 [TUniServerModule]:Global Cache Folder Erased. <4> Files deleted.
KioskWeb.exe: 0000061C: 11:36:12 [TUniServerModule]:Starting HTTP Server on Port: 8077...
KioskWeb.exe: 0000061C: 11:36:12 [TUniServerModule]:HTTP Server Started on Port: 8077
KioskWeb.exe: 00002818: 11:53:36 []:>--------------------------------------------------------------<
KioskWeb.exe: 00002818: 11:53:36 [TUniServerModule]:Server First Init.
KioskWeb.exe: 00002818: 11:53:36 [TUniServerModule]:Debug Mode = ON
KioskWeb.exe: 00002818: 11:53:36 [TUniServerModule]:Global Cache Folder Erased. <8> Files deleted.
KioskWeb.exe: 00002818: 11:53:36 [TUniServerModule]:Starting HTTP Server on Port: 8077...
KioskWeb.exe: 00002818: 11:53:36 [TUniServerModule]:HTTP Server Started on Port: 8077
KioskWeb.exe: 00001F90: 11:53:41 [127.0.0.1]:EUniSessionException : Invalid session or session Timeout. : Addr: $007A2A07
KioskWeb.exe: 000015D0: 12:00:08 []:>--------------------------------------------------------------<
KioskWeb.exe: 000015D0: 12:00:08 [TUniServerModule]:Server First Init.
KioskWeb.exe: 000015D0: 12:00:08 [TUniServerModule]:Debug Mode = ON
KioskWeb.exe: 000015D0: 12:00:08 [TUniServerModule]:Global Cache Folder Erased. <8> Files deleted.
KioskWeb.exe: 000015D0: 12:00:08 [TUniServerModule]:Starting HTTP Server on Port: 8077...
KioskWeb.exe: 000015D0: 12:00:08 [TUniServerModule]:HTTP Server Started on Port: 8077
KioskWeb.exe: 000002D0: 12:00:11 [127.0.0.1]:EUniSessionException : Invalid session or session Timeout. : Addr: $007A2A07
KioskWeb.exe: 00001A6C: 12:00:11 [127.0.0.1]:EUniSessionException : Invalid session or session Timeout. : Addr: $007A2A07
KioskWeb.exe: 0000174C: 12:21:15 [127.0.0.1]:EUniSessionException : Invalid session or session Timeout. : Addr: $007A2A07
KioskWeb.exe: 00001310: 12:21:16 [127.0.0.1]:EUniSessionException : Invalid session or session Timeout. : Addr: $007A2A07
KioskWeb.exe: 0000339C: 12:57:51 [127.0.0.1]:EUniSessionException : Invalid session or session Timeout. : Addr: $007A2A07
KioskWeb.exe: 00001BE4: 13:16:14 []:>--------------------------------------------------------------<
KioskWeb.exe: 00001BE4: 13:16:14 [TUniServerModule]:Server First Init.
KioskWeb.exe: 00001BE4: 13:16:14 [TUniServerModule]:Debug Mode = ON
KioskWeb.exe: 00001BE4: 13:16:14 [TUniServerModule]:Global Cache Folder Erased. <6> Files deleted.
KioskWeb.exe: 00001BE4: 13:16:15 [TUniServerModule]:Starting HTTP Server on Port: 8077...
KioskWeb.exe: 00001BE4: 13:16:15 [TUniServerModule]:HTTP Server Started on Port: 8077
KioskWeb.exe: 00003658: 13:18:15 []:>--------------------------------------------------------------<
KioskWeb.exe: 00003658: 13:18:15 [TUniServerModule]:Server First Init.
KioskWeb.exe: 00003658: 13:18:15 [TUniServerModule]:Debug Mode = ON
KioskWeb.exe: 00003658: 13:18:15 [TUniServerModule]:Global Cache Folder Erased. <17> Files deleted.
KioskWeb.exe: 00003658: 13:18:15 [TUniServerModule]:Starting HTTP Server on Port: 8077...
KioskWeb.exe: 00003658: 13:18:15 [TUniServerModule]:HTTP Server Started on Port: 8077
KioskWeb.exe: 00001890: 13:18:20 [127.0.0.1]:EUniSessionException : Invalid session or session Timeout. : Addr: $007A2AB3
KioskWeb.exe: 00003658: 13:21:25 [TUniServerModule]:Shutting Down Server.
KioskWeb.exe: 00003658: 13:21:25 [TUniServerModule]:Stopping HTTP Server.
KioskWeb.exe: 00003658: 13:21:26 [TUniServerModule]:HTTP Server Stopped.
KioskWeb.exe: 00003658: 13:21:26 [TUniGUISessionManager]:Terminating Session manager.
KioskWeb.exe: 00003658: 13:21:26 [TUniGUISessionManager]:Stopping Cache Eraser...
KioskWeb.exe: 00003658: 13:21:26 [TUniGUISessionManager]:Cache Eraser Stopped.
KioskWeb.exe: 00003658: 13:21:26 [TUniGUISessionManager]:Destroying Worker Threads.
KioskWeb.exe: 00003658: 13:21:26 [TUniGUISessionManager]:Session manager terminated.
KioskWeb.exe: 00003658: 13:21:26 [TUniServerModule]:Server Shutdown Completed.
KioskWeb.exe: 00003658: 13:21:26 []:<-------------------------------------------------------------->
KioskWeb.exe: 00003658: 13:21:26 [Terminated]:Exit Code: 0
KioskWeb.exe: 00000A78: 13:23:40 []:>--------------------------------------------------------------<
KioskWeb.exe: 00000A78: 13:23:40 [TUniServerModule]:Server First Init.
KioskWeb.exe: 00000A78: 13:23:40 [TUniServerModule]:Debug Mode = ON
KioskWeb.exe: 00000A78: 13:23:40 [TUniServerModule]:Starting HTTP Server on Port: 8077...
KioskWeb.exe: 00000A78: 13:23:41 [TUniServerModule]:HTTP Server Started on Port: 8077
KioskWeb.exe: 00002D2C: 13:23:55 []:>--------------------------------------------------------------<
KioskWeb.exe: 00002D2C: 13:23:55 [TUniServerModule]:Server First Init.
KioskWeb.exe: 00002D2C: 13:23:55 [TUniServerModule]:Debug Mode = ON
KioskWeb.exe: 00002D2C: 13:23:55 [TUniServerModule]:Global Cache Folder Erased. <1> Files deleted.
KioskWeb.exe: 00002D2C: 13:23:55 [TUniServerModule]:Starting HTTP Server on Port: 8077...
KioskWeb.exe: 00002D2C: 13:23:55 [TUniServerModule]:HTTP Server Started on Port: 8077
KioskWeb.exe: 00002F10: 13:23:58 [127.0.0.1]:EUniSessionException : Invalid session or session Timeout. : Addr: $007A46C3
KioskWeb.exe: 00002D2C: 13:24:36 [TUniServerModule]:Shutting Down Server.
KioskWeb.exe: 00002D2C: 13:24:36 [TUniServerModule]:Stopping HTTP Server.
KioskWeb.exe: 00002D2C: 13:24:37 [TUniServerModule]:HTTP Server Stopped.
KioskWeb.exe: 00002D2C: 13:24:37 [TUniGUISessionManager]:Terminating Session manager.
KioskWeb.exe: 00002D2C: 13:24:37 [TUniGUISessionManager]:Stopping Cache Eraser...
KioskWeb.exe: 00002D2C: 13:24:37 [TUniGUISessionManager]:Cache Eraser Stopped.
KioskWeb.exe: 00002D2C: 13:24:37 [TUniGUISessionManager]:Destroying Worker Threads.
KioskWeb.exe: 00002D2C: 13:24:37 [TUniGUISessionManager]:Session manager terminated.
KioskWeb.exe: 00002D2C: 13:24:37 [TUniServerModule]:Server Shutdown Completed.
KioskWeb.exe: 00002D2C: 13:24:37 []:<-------------------------------------------------------------->
KioskWeb.exe: 00002D2C: 13:24:37 [Terminated]:Exit Code: 0
KioskWeb.exe: 00000C98: 13:27:48 []:>--------------------------------------------------------------<
KioskWeb.exe: 00000C98: 13:27:48 [TUniServerModule]:Server First Init.
KioskWeb.exe: 00000C98: 13:27:48 [TUniServerModule]:Debug Mode = ON
KioskWeb.exe: 00000C98: 13:27:49 [TUniServerModule]:Starting HTTP Server on Port: 8077...
KioskWeb.exe: 00000C98: 13:27:49 [TUniServerModule]:HTTP Server Started on Port: 8077
KioskWeb.exe: 000033CC: 13:27:53 [127.0.0.1]:EUniSessionException : Invalid session or session Timeout. : Addr: $007A46C3
KioskWeb.exe: 00000C98: 13:28:19 [TUniServerModule]:Shutting Down Server.
KioskWeb.exe: 00000C98: 13:28:19 [TUniServerModule]:Stopping HTTP Server.
KioskWeb.exe: 00000C98: 13:28:22 [TUniServerModule]:HTTP Server Stopped.
KioskWeb.exe: 00000C98: 13:28:22 [TUniGUISessionManager]:Terminating Session manager.
KioskWeb.exe: 00000C98: 13:28:22 [TUniGUISessionManager]:Stopping Cache Eraser...
KioskWeb.exe: 00000C98: 13:28:22 [TUniGUISessionManager]:Cache Eraser Stopped.
KioskWeb.exe: 00000C98: 13:28:22 [TUniGUISessionManager]:Destroying Worker Threads.
KioskWeb.exe: 00000C98: 13:28:22 [TUniGUISessionManager]:Session manager terminated.
KioskWeb.exe: 00000C98: 13:28:22 [TUniServerModule]:Server Shutdown Completed.
KioskWeb.exe: 00000C98: 13:28:22 []:<-------------------------------------------------------------->
KioskWeb.exe: 00000C98: 13:28:22 [Terminated]:Exit Code: 0
KioskWeb.exe: 00000C88: 13:28:31 []:>--------------------------------------------------------------<
KioskWeb.exe: 00000C88: 13:28:31 [TUniServerModule]:Server First Init.
KioskWeb.exe: 00000C88: 13:28:31 [TUniServerModule]:Debug Mode = ON
KioskWeb.exe: 00000C88: 13:28:31 [TUniServerModule]:Starting HTTP Server on Port: 8077...
KioskWeb.exe: 00000C88: 13:28:32 [TUniServerModule]:HTTP Server Started on Port: 8077
KioskWeb.exe: 00003450: 13:28:46 [127.0.0.1]:EUniSessionException : Invalid session or session Timeout. : Addr: $007A46C3
KioskWeb.exe: 00000C88: 13:29:23 [TUniServerModule]:Shutting Down Server.
KioskWeb.exe: 00000C88: 13:29:23 [TUniServerModule]:Stopping HTTP Server.
KioskWeb.exe: 00000C88: 13:29:26 [TUniServerModule]:HTTP Server Stopped.
KioskWeb.exe: 00000C88: 13:29:26 [TUniGUISessionManager]:Terminating Session manager.
KioskWeb.exe: 00000C88: 13:29:26 [TUniGUISessionManager]:Stopping Cache Eraser...
KioskWeb.exe: 00000C88: 13:29:26 [TUniGUISessionManager]:Cache Eraser Stopped.
KioskWeb.exe: 00000C88: 13:29:26 [TUniGUISessionManager]:Destroying Worker Threads.
KioskWeb.exe: 00000C88: 13:29:26 [TUniGUISessionManager]:Session manager terminated.
KioskWeb.exe: 00000C88: 13:29:26 [TUniServerModule]:Server Shutdown Completed.
KioskWeb.exe: 00000C88: 13:29:26 []:<-------------------------------------------------------------->
KioskWeb.exe: 00000C88: 13:29:26 [Terminated]:Exit Code: 0
KioskWeb.exe: 0000222C: 13:49:48 []:>--------------------------------------------------------------<
KioskWeb.exe: 0000222C: 13:49:48 [TUniServerModule]:Server First Init.
KioskWeb.exe: 0000222C: 13:49:48 [TUniServerModule]:Debug Mode = ON
KioskWeb.exe: 0000222C: 13:49:48 [TUniServerModule]:Starting HTTP Server on Port: 8077...
KioskWeb.exe: 0000222C: 13:49:48 [TUniServerModule]:HTTP Server Started on Port: 8077
KioskWeb.exe: 0000362C: 13:49:51 [127.0.0.1]:EUniSessionException : Invalid session or session Timeout. : Addr: $007A46C3
KioskWeb.exe: 00001D48: 14:11:00 [127.0.0.1]:EUniSessionException : Invalid session or session Timeout. : Addr: $007A46C3
KioskWeb.exe: 00002B80: 14:11:02 [127.0.0.1]:EUniSessionException : Invalid session or session Timeout. : Addr: $007A46C3
